Processing: Gordon

======================================================================
GRAPH THEORY ANALYSIS PIPELINE
======================================================================
Output directory: /projects/aabdulrasul/TAY/GT/test
Parcellations: ['Gordon']
Compute small-worldness: True
N random networks: 100
======================================================================

Discovering XCP-D data...
Using per-run files: True
Found 1 subjects
Available parcellations: ['4S1056Parcels', '4S156Parcels', '4S256Parcels', '4S356Parcels', '4S456Parcels', '4S556Parcels', '4S656Parcels', '4S756Parcels', '4S856Parcels', '4S956Parcels', 'Glasser', 'Gordon', 'HCP', 'MIDB', 'MyersLabonte', 'Tian']
Will process: ['Gordon']
Edge handling: positive_only
Thresholds: [0.05, 0.1, 0.15, 0.2, 0.25, 0.3, 0.35, 0.4]
Primary threshold: 0.15

============================================================
Processing: Gordon
============================================================
  Processing: sub-CU1CU10001/ses-02/run-01
  Processing: sub-CU1CU10001/ses-02/run-02

============================================================
PROCESSING COMPLETE
============================================================
Unique subjects: 1
Unique sessions: 1
Total runs processed: 2
Results saved to: /projects/aabdulrasul/TAY/GT/test
Session averages computed: 1 sessions

======================================================================
GRAPH THEORY ANALYSIS SUMMARY
======================================================================
Edge handling: positive_only
Primary threshold: 0.15
Thresholds tested: [0.05, 0.1, 0.15, 0.2, 0.25, 0.3, 0.35, 0.4]

Total: 1 subjects, 2 runs

Gordon (1 subjects, 2 runs):
--------------------------------------------------
  Global Efficiency (weighted)       : 0.2126 ± 0.0019
  Clustering (weighted)              : 0.1756 ± 0.0007
  Modularity (weighted)              : 0.4496 ± 0.0085
  Small-worldness (σ)                : 2.2610 ± 0.0209
  Characteristic Path Length (weighted): 2.8523 ± 0.0246
  Transitivity (weighted)            : 0.1877 ± 0.0001
  Mean Strength                      : 18.9228 ± 0.0490
  Mean Degree (binary)               : 49.8018 ± 0.0000

======================================================================

All results saved to: /projects/aabdulrasul/TAY/GT/test
